<?xml version="1.0" encoding="UTF-8"?>
<!-- Generated by org.testng.reporters.JUnitReportReporter -->
<testsuite hostname="LAPTOP-Q3H0N5IM" failures="0" tests="1" name="Test.day4" time="0.002" errors="0" timestamp="2021-10-08T22:06:09 IST" skipped="0">
  <testcase classname="Test.day4" name="ApiLoginCarLoan" time="0.002"/>
  <system-out/>
</testsuite> <!-- Test.day4 -->
